<?xml version="1.0" encoding="UTF-8"?>
<!-- Generated by org.testng.reporters.JUnitXMLReporter -->
<testsuite hostname="DESKTOP-7JSAPA8" ignored="0" name="Surefire test" tests="2" failures="0" timestamp="2020-07-24T22:45:49 IST" time="0.111" errors="0">
  <testcase name="testinvalidadmin on testinvalidadmin(com.jacocotest.BookTest)" time="0.024" classname="com.jacocotest.BookTest"/>
  <testcase name="testvalidadmin on testvalidadmin(com.jacocotest.BookTest)" time="0.022" classname="com.jacocotest.BookTest"/>
</testsuite> <!-- Surefire test -->
