<?xml version="1.0" encoding="UTF-8"?>
<testsuite xmlns:xsi="http://www.w3.org/2001/XMLSchema-instance" xsi:noNamespaceSchemaLocation="https://maven.apache.org/surefire/maven-surefire-plugin/xsd/surefire-test-report-3.0.xsd" version="3.0" name="com.jacocotest.BookTest" time="0.626" tests="2" errors="0" skipped="0" failures="0">
  <properties>
[...]
</properties>
  <testcase name="testinvalidadmin on testinvalidadmin(com.jacocotest.BookTest)" classname="com.jacocotest.BookTest" time="0.008"/>
  <testcase name="testvalidadmin on testvalidadmin(com.jacocotest.BookTest)" classname="com.jacocotest.BookTest" time="0"/>
</testsuite>